::1 - - [29/Dec/2016:11:02:24 +0000] "POST /user/auth/ HTTP/1.1" 500 2036 "-" "PostmanRuntime/3.0.9"
::1 - - [29/Dec/2016:11:03:46 +0000] "POST /user/auth/ HTTP/1.1" 200 186 "-" "PostmanRuntime/3.0.9"
::1 - - [29/Dec/2016:11:06:07 +0000] "POST /user/auth/?permanent=true HTTP/1.1" 500 2030 "-" "PostmanRuntime/3.0.9"
::1 - - [29/Dec/2016:11:07:39 +0000] "POST /user/auth/?permanent=true HTTP/1.1" 500 2004 "-" "PostmanRuntime/3.0.9"
::1 - - [29/Dec/2016:11:08:41 +0000] "POST /user/auth/?permanent=true HTTP/1.1" 500 2004 "-" "PostmanRuntime/3.0.9"
::1 - - [29/Dec/2016:11:11:08 +0000] "POST /user/auth/?permanent=true HTTP/1.1" 500 2004 "-" "PostmanRuntime/3.0.9"
::1 - - [29/Dec/2016:11:13:02 +0000] "POST /user/auth/?permanent=true HTTP/1.1" 500 2004 "-" "PostmanRuntime/3.0.9"
::1 - - [29/Dec/2016:11:17:38 +0000] "POST /user/auth/?permanent=true HTTP/1.1" 500 2004 "-" "PostmanRuntime/3.0.9"
::1 - - [29/Dec/2016:11:19:26 +0000] "POST /user/auth/?permanent=true HTTP/1.1" 500 2004 "-" "PostmanRuntime/3.0.9"
::1 - - [29/Dec/2016:11:20:08 +0000] "POST /user/auth/?permanent=true HTTP/1.1" 500 2004 "-" "PostmanRuntime/3.0.9"
::1 - - [29/Dec/2016:11:23:40 +0000] "POST /user/auth/?permanent=true HTTP/1.1" 200 338 "-" "PostmanRuntime/3.0.9"
::1 - - [29/Dec/2016:11:24:21 +0000] "POST /user/auth/?permanent=true HTTP/1.1" 200 338 "-" "PostmanRuntime/3.0.9"
::1 - - [29/Dec/2016:11:50:36 +0000] "POST /user/auth/?permanent=true HTTP/1.1" 400 - "-" "PostmanRuntime/3.0.9"
::1 - - [29/Dec/2016:11:51:01 +0000] "POST /user/auth/?permanent=true HTTP/1.1" 401 - "-" "PostmanRuntime/3.0.9"
::1 - - [29/Dec/2016:12:11:44 +0000] "POST /user/signup HTTP/1.1" 200 131 "-" "PostmanRuntime/3.0.9"
::1 - - [29/Dec/2016:12:13:05 +0000] "POST /user/auth/?permanent=true HTTP/1.1" 200 338 "-" "PostmanRuntime/3.0.9"
::1 - - [29/Dec/2016:12:14:02 +0000] "POST /user/auth/?permanent=true HTTP/1.1" 401 - "-" "PostmanRuntime/3.0.9"
::1 - - [29/Dec/2016:12:14:08 +0000] "POST /user/auth/?permanent=true HTTP/1.1" 200 338 "-" "PostmanRuntime/3.0.9"
::1 - - [29/Dec/2016:12:16:06 +0000] "POST /user/auth/?permanent=true HTTP/1.1" 400 1000 "-" "PostmanRuntime/3.0.9"
::1 - - [29/Dec/2016:12:16:30 +0000] "POST /user/auth/?permanent=true HTTP/1.1" 200 338 "-" "PostmanRuntime/3.0.9"
::1 - - [29/Dec/2016:12:19:12 +0000] "POST /lyric/test HTTP/1.1" 401 383 "-" "PostmanRuntime/3.0.9"
::1 - - [29/Dec/2016:12:19:17 +0000] "POST /user/auth/?permanent=true HTTP/1.1" 200 338 "-" "PostmanRuntime/3.0.9"
::1 - - [29/Dec/2016:12:19:47 +0000] "POST /lyric/test HTTP/1.1" 200 67 "-" "PostmanRuntime/3.0.9"
::1 - - [29/Dec/2016:12:20:52 +0000] "POST /lyric/test HTTP/1.1" 200 67 "-" "PostmanRuntime/3.0.9"
::1 - - [29/Dec/2016:12:20:53 +0000] "POST /lyric/test HTTP/1.1" 200 67 "-" "PostmanRuntime/3.0.9"
::1 - - [29/Dec/2016:12:20:54 +0000] "POST /lyric/test HTTP/1.1" 200 67 "-" "PostmanRuntime/3.0.9"
::1 - - [29/Dec/2016:12:20:57 +0000] "POST /lyric/test HTTP/1.1" 200 67 "-" "PostmanRuntime/3.0.9"
::1 - - [29/Dec/2016:12:20:59 +0000] "POST /lyric/test HTTP/1.1" 200 67 "-" "PostmanRuntime/3.0.9"
::1 - - [29/Dec/2016:12:25:12 +0000] "POST /lyric/test HTTP/1.1" 200 67 "-" "PostmanRuntime/3.0.9"
::1 - - [29/Dec/2016:12:31:32 +0000] "POST /user/auth/?permanent=true HTTP/1.1" 200 338 "-" "PostmanRuntime/3.0.9"
::1 - - [29/Dec/2016:12:31:34 +0000] "POST /lyric/test HTTP/1.1" 200 67 "-" "PostmanRuntime/3.0.9"
::1 - - [29/Dec/2016:20:08:49 +0000] "POST /lyric/test HTTP/1.1" 401 383 "-" "PostmanRuntime/3.0.9"
::1 - - [29/Dec/2016:20:11:38 +0000] "GET /show HTTP/1.1" 500 1975 "-" "PostmanRuntime/3.0.9"
::1 - - [29/Dec/2016:20:11:44 +0000] "POST /lyric/test HTTP/1.1" 401 383 "-" "PostmanRuntime/3.0.9"
::1 - - [29/Dec/2016:20:12:56 +0000] "POST /lyric/test HTTP/1.1" 401 16 "-" "PostmanRuntime/3.0.9"
::1 - - [29/Dec/2016:20:13:24 +0000] "POST /lyric/test HTTP/1.1" 401 383 "-" "PostmanRuntime/3.0.9"
::1 - - [29/Dec/2016:20:13:25 +0000] "POST /lyric/test HTTP/1.1" 401 383 "-" "PostmanRuntime/3.0.9"
::1 - - [29/Dec/2016:20:13:50 +0000] "POST /lyric/test HTTP/1.1" 401 383 "-" "PostmanRuntime/3.0.9"
::1 - - [29/Dec/2016:20:14:12 +0000] "POST /lyric/test HTTP/1.1" 401 16 "-" "PostmanRuntime/3.0.9"
::1 - - [30/Dec/2016:02:14:31 +0000] "GET /user/test HTTP/1.1" 200 38 "-" "PostmanRuntime/3.0.9"
::1 - - [30/Dec/2016:02:16:12 +0000] "GET /user/test HTTP/1.1" 200 38 "-" "PostmanRuntime/3.0.9"
::1 - - [30/Dec/2016:02:17:46 +0000] "GET /user/test HTTP/1.1" 200 38 "-" "PostmanRuntime/3.0.9"
::1 - - [30/Dec/2016:02:21:49 +0000] "GET /user/test HTTP/1.1" 200 38 "-" "PostmanRuntime/3.0.9"
::1 - - [30/Dec/2016:02:24:23 +0000] "GET /user/test HTTP/1.1" - - "-" "PostmanRuntime/3.0.9"
::1 - - [30/Dec/2016:02:30:42 +0000] "GET /user/test HTTP/1.1" - - "-" "PostmanRuntime/3.0.9"
::1 - - [30/Dec/2016:02:30:53 +0000] "GET /user/test HTTP/1.1" 200 38 "-" "PostmanRuntime/3.0.9"
::1 - - [30/Dec/2016:02:35:14 +0000] "GET /user/test HTTP/1.1" 200 38 "-" "PostmanRuntime/3.0.9"
::1 - - [30/Dec/2016:02:41:09 +0000] "GET /user/test HTTP/1.1" 200 38 "-" "PostmanRuntime/3.0.9"
::1 - - [30/Dec/2016:02:57:57 +0000] "GET /user/test HTTP/1.1" - - "-" "PostmanRuntime/3.0.9"
::1 - - [30/Dec/2016:03:01:02 +0000] "GET /user/test HTTP/1.1" 200 38 "-" "PostmanRuntime/3.0.9"
::1 - - [30/Dec/2016:03:01:46 +0000] "GET /user/test HTTP/1.1" 200 38 "-" "PostmanRuntime/3.0.9"
::1 - - [30/Dec/2016:03:09:41 +0000] "GET /user/test HTTP/1.1" - - "-" "PostmanRuntime/3.0.9"
::1 - - [30/Dec/2016:03:21:56 +0000] "GET /user/test HTTP/1.1" 200 38 "-" "PostmanRuntime/3.0.9"
::1 - - [30/Dec/2016:03:26:01 +0000] "GET /user/test HTTP/1.1" 200 38 "-" "PostmanRuntime/3.0.9"
::1 - - [30/Dec/2016:03:28:45 +0000] "GET /user/test HTTP/1.1" 200 38 "-" "PostmanRuntime/3.0.9"
::1 - - [30/Dec/2016:03:29:05 +0000] "GET /user/test HTTP/1.1" 200 38 "-" "PostmanRuntime/3.0.9"
::1 - - [30/Dec/2016:03:32:38 +0000] "GET /user/test HTTP/1.1" - - "-" "PostmanRuntime/3.0.9"
::1 - - [30/Dec/2016:04:20:02 +0000] "GET /user/test HTTP/1.1" 200 38 "-" "PostmanRuntime/3.0.9"
::1 - - [30/Dec/2016:04:26:25 +0000] "GET /user/test HTTP/1.1" 200 38 "-" "PostmanRuntime/3.0.9"
::1 - - [30/Dec/2016:04:28:42 +0000] "GET /user/test HTTP/1.1" 200 38 "-" "PostmanRuntime/3.0.9"
::1 - - [30/Dec/2016:04:29:03 +0000] "GET /user/test HTTP/1.1" 200 38 "-" "PostmanRuntime/3.0.9"
::1 - - [30/Dec/2016:04:30:16 +0000] "GET /user/test HTTP/1.1" 200 38 "-" "PostmanRuntime/3.0.9"
::1 - - [30/Dec/2016:04:32:00 +0000] "GET /user/test HTTP/1.1" 200 38 "-" "PostmanRuntime/3.0.9"
::1 - - [30/Dec/2016:04:32:52 +0000] "GET /user/test HTTP/1.1" 200 38 "-" "PostmanRuntime/3.0.9"
::1 - - [30/Dec/2016:04:33:13 +0000] "GET /user/test HTTP/1.1" 200 38 "-" "PostmanRuntime/3.0.9"
::1 - - [30/Dec/2016:04:38:08 +0000] "GET /user/test HTTP/1.1" 200 38 "-" "PostmanRuntime/3.0.9"
::1 - - [30/Dec/2016:04:38:48 +0000] "GET /user/test HTTP/1.1" 200 38 "-" "PostmanRuntime/3.0.9"
::1 - - [30/Dec/2016:04:39:00 +0000] "GET /user/test HTTP/1.1" 200 38 "-" "PostmanRuntime/3.0.9"
::1 - - [30/Dec/2016:04:40:05 +0000] "GET /user/test HTTP/1.1" 200 38 "-" "PostmanRuntime/3.0.9"
::1 - - [30/Dec/2016:04:40:26 +0000] "GET /user/test HTTP/1.1" 200 38 "-" "PostmanRuntime/3.0.9"
::1 - - [30/Dec/2016:04:40:38 +0000] "GET /user/test HTTP/1.1" 200 38 "-" "PostmanRuntime/3.0.9"
::1 - - [30/Dec/2016:04:41:07 +0000] "GET /user/test HTTP/1.1" 200 38 "-" "PostmanRuntime/3.0.9"
::1 - - [30/Dec/2016:04:54:20 +0000] "GET /user/test HTTP/1.1" - - "-" "PostmanRuntime/3.0.9"
::1 - - [30/Dec/2016:04:55:15 +0000] "GET /user/test HTTP/1.1" 200 38 "-" "PostmanRuntime/3.0.9"
::1 - - [30/Dec/2016:04:59:22 +0000] "GET /user/test HTTP/1.1" 200 38 "-" "PostmanRuntime/3.0.9"
::1 - - [30/Dec/2016:04:59:58 +0000] "GET /user/test HTTP/1.1" 200 38 "-" "PostmanRuntime/3.0.9"
::1 - - [30/Dec/2016:05:00:41 +0000] "GET /user/test HTTP/1.1" 200 38 "-" "PostmanRuntime/3.0.9"
::1 - - [30/Dec/2016:05:01:17 +0000] "GET /user/test HTTP/1.1" 200 38 "-" "PostmanRuntime/3.0.9"
::1 - - [30/Dec/2016:05:02:33 +0000] "GET /user/test HTTP/1.1" 200 38 "-" "PostmanRuntime/3.0.9"
::1 - - [30/Dec/2016:05:02:46 +0000] "GET /user/test HTTP/1.1" 200 38 "-" "PostmanRuntime/3.0.9"
::1 - - [30/Dec/2016:05:04:35 +0000] "GET /user/test HTTP/1.1" 200 38 "-" "PostmanRuntime/3.0.9"
::1 - - [30/Dec/2016:05:05:00 +0000] "GET /user/test HTTP/1.1" 200 38 "-" "PostmanRuntime/3.0.9"
::1 - - [30/Dec/2016:05:05:14 +0000] "GET /user/test HTTP/1.1" 200 38 "-" "PostmanRuntime/3.0.9"
::1 - - [30/Dec/2016:05:11:04 +0000] "GET /user/test HTTP/1.1" 200 38 "-" "PostmanRuntime/3.0.9"
::1 - - [30/Dec/2016:05:12:23 +0000] "GET /user/test HTTP/1.1" 200 38 "-" "PostmanRuntime/3.0.9"
::1 - - [30/Dec/2016:05:12:43 +0000] "GET /user/test HTTP/1.1" 200 38 "-" "PostmanRuntime/3.0.9"
::1 - - [30/Dec/2016:05:14:21 +0000] "GET /user/test HTTP/1.1" 200 38 "-" "PostmanRuntime/3.0.9"
::1 - - [30/Dec/2016:05:14:33 +0000] "GET /user/test HTTP/1.1" 200 38 "-" "PostmanRuntime/3.0.9"
::1 - - [30/Dec/2016:05:28:27 +0000] "POST /user/auth/?permanent=true HTTP/1.1" 200 338 "-" "PostmanRuntime/3.0.9"
::1 - - [30/Dec/2016:05:29:14 +0000] "POST /user/auth/?permanent=true HTTP/1.1" 401 - "-" "PostmanRuntime/3.0.9"
::1 - - [30/Dec/2016:05:34:58 +0000] "POST /user/auth/?permanent=true HTTP/1.1" 401 - "-" "PostmanRuntime/3.0.9"
::1 - - [30/Dec/2016:05:35:56 +0000] "POST /user/auth/?permanent=true HTTP/1.1" 401 - "-" "PostmanRuntime/3.0.9"
::1 - - [30/Dec/2016:05:42:45 +0000] "POST /user/auth/?permanent=true HTTP/1.1" 401 - "-" "PostmanRuntime/3.0.9"
::1 - - [30/Dec/2016:05:45:02 +0000] "POST /user/auth/?permanent=true HTTP/1.1" 401 - "-" "PostmanRuntime/3.0.9"
::1 - - [30/Dec/2016:06:04:25 +0000] "POST /user/auth/?permanent=true HTTP/1.1" 302 28 "-" "PostmanRuntime/3.0.9"
::1 - - [30/Dec/2016:06:04:25 +0000] "GET /login HTTP/1.1" 404 1934 "http://localhost:3000/user/auth/?permanent=true" "PostmanRuntime/3.0.9"
::1 - - [30/Dec/2016:06:04:56 +0000] "POST /user/auth/?permanent=true HTTP/1.1" 302 28 "-" "PostmanRuntime/3.0.9"
::1 - - [30/Dec/2016:06:04:56 +0000] "GET /login HTTP/1.1" 404 1934 "http://localhost:3000/user/auth/?permanent=true" "PostmanRuntime/3.0.9"
::1 - - [30/Dec/2016:06:13:19 +0000] "POST /user/auth/?permanent=true HTTP/1.1" - - "-" "PostmanRuntime/3.0.9"
::1 - - [30/Dec/2016:06:13:34 +0000] "POST /user/login/?permanent=true HTTP/1.1" 200 54 "-" "PostmanRuntime/3.0.9"
::1 - - [30/Dec/2016:06:15:46 +0000] "POST /user/login/?permanent=true HTTP/1.1" 200 54 "-" "PostmanRuntime/3.0.9"
::1 - - [30/Dec/2016:06:22:23 +0000] "POST /user/login/?permanent=true HTTP/1.1" 200 54 "-" "PostmanRuntime/3.0.9"
::1 - - [30/Dec/2016:06:22:37 +0000] "POST /user/login/?permanent=true HTTP/1.1" 200 54 "-" "PostmanRuntime/3.0.9"
::1 - - [30/Dec/2016:06:32:59 +0000] "POST /user/login/?permanent=true HTTP/1.1" 200 54 "-" "PostmanRuntime/3.0.9"
::1 - - [30/Dec/2016:06:34:33 +0000] "POST /user/login/?permanent=true HTTP/1.1" 200 54 "-" "PostmanRuntime/3.0.9"
::1 - - [30/Dec/2016:06:35:33 +0000] "POST /user/login/?permanent=true HTTP/1.1" 200 54 "-" "PostmanRuntime/3.0.9"
::1 - - [30/Dec/2016:06:35:53 +0000] "POST /user/login/?permanent=true HTTP/1.1" 200 54 "-" "PostmanRuntime/3.0.9"
::1 - - [30/Dec/2016:06:38:36 +0000] "POST /user/login/?permanent=true HTTP/1.1" 200 54 "-" "PostmanRuntime/3.0.9"
::1 - - [30/Dec/2016:06:40:53 +0000] "POST /user/login/?permanent=true HTTP/1.1" - - "-" "PostmanRuntime/3.0.9"
::1 - - [30/Dec/2016:07:23:09 +0000] "POST /user/login/?permanent=true HTTP/1.1" 200 54 "-" "PostmanRuntime/3.0.9"
::1 - - [30/Dec/2016:07:23:58 +0000] "POST /user/login/?permanent=true HTTP/1.1" 200 54 "-" "PostmanRuntime/3.0.9"
::1 - - [30/Dec/2016:07:28:53 +0000] "POST /user/auth/?permanent=true HTTP/1.1" 401 - "-" "PostmanRuntime/3.0.9"
::1 - - [30/Dec/2016:07:33:37 +0000] "POST /user/login2/?permanent=true HTTP/1.1" 200 51 "-" "PostmanRuntime/3.0.9"
::1 - - [30/Dec/2016:07:34:15 +0000] "POST /user/login2/?permanent=true HTTP/1.1" 200 51 "-" "PostmanRuntime/3.0.9"
::1 - - [30/Dec/2016:07:34:54 +0000] "POST /user/login2/?permanent=true HTTP/1.1" 200 51 "-" "PostmanRuntime/3.0.9"
::1 - - [30/Dec/2016:07:37:19 +0000] "POST /user/login2/?permanent=true HTTP/1.1" - - "-" "PostmanRuntime/3.0.9"
::1 - - [30/Dec/2016:07:39:30 +0000] "POST /user/login2/?permanent=true HTTP/1.1" 200 51 "-" "PostmanRuntime/3.0.9"
::1 - - [30/Dec/2016:07:39:55 +0000] "POST /user/auth/?permanent=true HTTP/1.1" 401 - "-" "PostmanRuntime/3.0.9"
::1 - - [30/Dec/2016:07:41:55 +0000] "POST /user/signup HTTP/1.1" - - "-" "PostmanRuntime/3.0.9"
::1 - - [30/Dec/2016:07:46:27 +0000] "POST /user/signup HTTP/1.1" - - "-" "PostmanRuntime/3.0.9"
::1 - - [30/Dec/2016:07:50:35 +0000] "POST /user/signup HTTP/1.1" - - "-" "PostmanRuntime/3.0.9"
::1 - - [30/Dec/2016:07:53:40 +0000] "POST /user/signup HTTP/1.1" 200 126 "-" "PostmanRuntime/3.0.9"
::1 - - [30/Dec/2016:07:54:12 +0000] "POST /user/login2/?permanent=true HTTP/1.1" 200 51 "-" "PostmanRuntime/3.0.9"
::1 - - [30/Dec/2016:07:54:19 +0000] "POST /user/login2/?permanent=true HTTP/1.1" 200 53 "-" "PostmanRuntime/3.0.9"
::1 - - [30/Dec/2016:07:57:05 +0000] "POST /user/login2/?permanent=true HTTP/1.1" - - "-" "PostmanRuntime/3.0.9"
::1 - - [30/Dec/2016:07:59:34 +0000] "POST /user/login2/?permanent=true HTTP/1.1" - - "-" "PostmanRuntime/3.0.9"
