::1 - - [26/Dec/2016:08:13:08 +0000] "POST /user/auth/ HTTP/1.1" 404 1942 "-" "PostmanRuntime/3.0.9"
::1 - - [26/Dec/2016:08:13:27 +0000] "POST /user/auth/ HTTP/1.1" 200 170 "-" "PostmanRuntime/3.0.9"
::1 - - [26/Dec/2016:08:13:35 +0000] "GET /user/me HTTP/1.1" 401 389 "-" "PostmanRuntime/3.0.9"
::1 - - [26/Dec/2016:08:13:41 +0000] "POST /user/auth/ HTTP/1.1" 200 170 "-" "PostmanRuntime/3.0.9"
::1 - - [26/Dec/2016:08:14:22 +0000] "POST /user/auth/ HTTP/1.1" 200 170 "-" "PostmanRuntime/3.0.9"
::1 - - [26/Dec/2016:08:14:23 +0000] "POST /user/auth/ HTTP/1.1" 200 170 "-" "PostmanRuntime/3.0.9"
::1 - - [26/Dec/2016:08:15:03 +0000] "POST /user/auth/ HTTP/1.1" 200 170 "-" "PostmanRuntime/3.0.9"
::1 - - [26/Dec/2016:08:15:08 +0000] "POST /auth HTTP/1.1" 404 1895 "-" "curl/7.43.0"
::1 - - [26/Dec/2016:08:15:13 +0000] "POST /user/auth HTTP/1.1" 401 - "-" "curl/7.43.0"
::1 - - [26/Dec/2016:08:17:09 +0000] "POST /user/auth/ HTTP/1.1" 200 170 "-" "PostmanRuntime/3.0.9"
::1 - - [26/Dec/2016:08:17:17 +0000] "GET /user/me HTTP/1.1" 200 44 "-" "PostmanRuntime/3.0.9"
::1 - - [26/Dec/2016:08:22:12 +0000] "POST /user/auth/ HTTP/1.1" 200 170 "-" "PostmanRuntime/3.0.9"
::1 - - [26/Dec/2016:08:22:21 +0000] "POST /lyric/test/ HTTP/1.1" 404 1900 "-" "PostmanRuntime/3.0.9"
::1 - - [26/Dec/2016:08:22:24 +0000] "POST /lyric/test HTTP/1.1" 404 1900 "-" "PostmanRuntime/3.0.9"
::1 - - [26/Dec/2016:08:22:45 +0000] "POST /lyric/test HTTP/1.1" 404 1900 "-" "PostmanRuntime/3.0.9"
::1 - - [26/Dec/2016:08:23:41 +0000] "POST /lyric/test HTTP/1.1" 404 1900 "-" "PostmanRuntime/3.0.9"
::1 - - [26/Dec/2016:08:24:03 +0000] "POST /lyric/test HTTP/1.1" 404 1900 "-" "PostmanRuntime/3.0.9"
::1 - - [26/Dec/2016:08:25:44 +0000] "POST / HTTP/1.1" 404 1895 "-" "PostmanRuntime/3.0.9"
::1 - - [26/Dec/2016:08:25:52 +0000] "POST / HTTP/1.1" 404 1895 "-" "PostmanRuntime/3.0.9"
::1 - - [26/Dec/2016:08:25:56 +0000] "POST / HTTP/1.1" 404 1895 "-" "PostmanRuntime/3.0.9"
::1 - - [26/Dec/2016:08:25:58 +0000] "POST / HTTP/1.1" 404 1895 "-" "PostmanRuntime/3.0.9"
::1 - - [26/Dec/2016:08:26:08 +0000] "POST /user/auth/ HTTP/1.1" 200 170 "-" "PostmanRuntime/3.0.9"
::1 - - [26/Dec/2016:08:27:03 +0000] "POST /user/auth/ HTTP/1.1" 404 1895 "-" "PostmanRuntime/3.0.9"
::1 - - [26/Dec/2016:08:27:07 +0000] "POST / HTTP/1.1" 404 1895 "-" "PostmanRuntime/3.0.9"
::1 - - [26/Dec/2016:08:27:48 +0000] "GET / HTTP/1.1" 200 38 "-" "Mozilla/5.0 (Macintosh; Intel Mac OS X 10_11_6) AppleWebKit/537.36 (KHTML, like Gecko) Chrome/55.0.2883.95 Safari/537.36"
::1 - - [26/Dec/2016:08:28:10 +0000] "POST /user/auth/ HTTP/1.1" 404 1895 "-" "PostmanRuntime/3.0.9"
::1 - - [26/Dec/2016:08:28:26 +0000] "POST /user/auth/ HTTP/1.1" 200 170 "-" "PostmanRuntime/3.0.9"
::1 - - [26/Dec/2016:08:28:36 +0000] "POST /lyric/test/ HTTP/1.1" 401 2015 "-" "PostmanRuntime/3.0.9"
::1 - - [26/Dec/2016:08:28:50 +0000] "GET /lyric/test HTTP/1.1" 404 1900 "-" "PostmanRuntime/3.0.9"
::1 - - [26/Dec/2016:08:29:00 +0000] "GET /lyric/test/ HTTP/1.1" 404 1900 "-" "PostmanRuntime/3.0.9"
::1 - - [26/Dec/2016:08:29:08 +0000] "POST /lyric/test/ HTTP/1.1" 401 389 "-" "PostmanRuntime/3.0.9"
::1 - - [26/Dec/2016:08:29:14 +0000] "POST /lyric/test/ HTTP/1.1" 200 44 "-" "PostmanRuntime/3.0.9"
::1 - - [26/Dec/2016:08:29:42 +0000] "POST /user/auth/ HTTP/1.1" 200 170 "-" "PostmanRuntime/3.0.9"
