::1 - - [25/Dec/2016:09:05:37 +0000] "POST /auth HTTP/1.1" 400 - "-" "Mozilla/5.0 (Macintosh; Intel Mac OS X 10_11_6) AppleWebKit/537.36 (KHTML, like Gecko) Chrome/55.0.2883.95 Safari/537.36"
::1 - - [25/Dec/2016:09:05:44 +0000] "GET /auth HTTP/1.1" 404 1924 "-" "Mozilla/5.0 (Macintosh; Intel Mac OS X 10_11_6) AppleWebKit/537.36 (KHTML, like Gecko) Chrome/55.0.2883.95 Safari/537.36"
::1 - - [25/Dec/2016:09:27:23 +0000] "GET /auth HTTP/1.1" 404 1924 "-" "Mozilla/5.0 (Macintosh; Intel Mac OS X 10_11_6) AppleWebKit/537.36 (KHTML, like Gecko) Chrome/55.0.2883.95 Safari/537.36"
::1 - - [25/Dec/2016:10:10:20 +0000] "GET /auth HTTP/1.1" 404 1924 "-" "Mozilla/5.0 (Macintosh; Intel Mac OS X 10_11_6) AppleWebKit/537.36 (KHTML, like Gecko) Chrome/55.0.2883.95 Safari/537.36"
::1 - - [25/Dec/2016:10:11:02 +0000] "GET /auth HTTP/1.1" 404 1924 "-" "Mozilla/5.0 (Macintosh; Intel Mac OS X 10_11_6) AppleWebKit/537.36 (KHTML, like Gecko) Chrome/55.0.2883.95 Safari/537.36"
::1 - - [26/Dec/2016:02:13:10 +0000] "POST /post HTTP/1.1" 404 1924 "-" "Mozilla/5.0 (Macintosh; Intel Mac OS X 10_11_6) AppleWebKit/537.36 (KHTML, like Gecko) Chrome/55.0.2883.95 Safari/537.36"
::1 - - [26/Dec/2016:02:14:50 +0000] "POST /auth HTTP/1.1" 400 - "-" "Mozilla/5.0 (Macintosh; Intel Mac OS X 10_11_6) AppleWebKit/537.36 (KHTML, like Gecko) Chrome/55.0.2883.95 Safari/537.36"
::1 - - [26/Dec/2016:02:19:44 +0000] "POST /auth HTTP/1.1" 400 - "-" "Mozilla/5.0 (Macintosh; Intel Mac OS X 10_11_6) AppleWebKit/537.36 (KHTML, like Gecko) Chrome/55.0.2883.95 Safari/537.36"
::1 - - [26/Dec/2016:02:20:27 +0000] "POST /auth HTTP/1.1" 400 - "-" "Mozilla/5.0 (Macintosh; Intel Mac OS X 10_11_6) AppleWebKit/537.36 (KHTML, like Gecko) Chrome/55.0.2883.95 Safari/537.36"
::1 - - [26/Dec/2016:02:27:18 +0000] "POST /auth HTTP/1.1" 400 - "-" "Mozilla/5.0 (Macintosh; Intel Mac OS X 10_11_6) AppleWebKit/537.36 (KHTML, like Gecko) Chrome/55.0.2883.95 Safari/537.36"
::1 - - [26/Dec/2016:02:28:07 +0000] "POST /auth HTTP/1.1" 400 - "-" "Mozilla/5.0 (Macintosh; Intel Mac OS X 10_11_6) AppleWebKit/537.36 (KHTML, like Gecko) Chrome/55.0.2883.95 Safari/537.36"
::1 - - [26/Dec/2016:02:29:10 +0000] "POST /auth HTTP/1.1" 400 - "-" "Mozilla/5.0 (Macintosh; Intel Mac OS X 10_11_6) AppleWebKit/537.36 (KHTML, like Gecko) Chrome/55.0.2883.95 Safari/537.36"
::1 - - [26/Dec/2016:02:29:16 +0000] "POST /auth HTTP/1.1" 400 - "-" "Mozilla/5.0 (Macintosh; Intel Mac OS X 10_11_6) AppleWebKit/537.36 (KHTML, like Gecko) Chrome/55.0.2883.95 Safari/537.36"
::1 - - [26/Dec/2016:02:30:19 +0000] "POST /auth HTTP/1.1" 500 2076 "-" "curl/7.43.0"
::1 - - [26/Dec/2016:02:31:30 +0000] "POST /auth HTTP/1.1" 400 - "-" "Mozilla/5.0 (Macintosh; Intel Mac OS X 10_11_6) AppleWebKit/537.36 (KHTML, like Gecko) Chrome/55.0.2883.95 Safari/537.36"
::1 - - [26/Dec/2016:02:31:37 +0000] "POST /auth HTTP/1.1" 400 - "-" "Mozilla/5.0 (Macintosh; Intel Mac OS X 10_11_6) AppleWebKit/537.36 (KHTML, like Gecko) Chrome/55.0.2883.95 Safari/537.36"
::1 - - [26/Dec/2016:02:32:01 +0000] "POST /auth HTTP/1.1" 400 - "-" "Mozilla/5.0 (Macintosh; Intel Mac OS X 10_11_6) AppleWebKit/537.36 (KHTML, like Gecko) Chrome/55.0.2883.95 Safari/537.36"
::1 - - [26/Dec/2016:02:32:05 +0000] "POST /auth HTTP/1.1" 400 - "-" "Mozilla/5.0 (Macintosh; Intel Mac OS X 10_11_6) AppleWebKit/537.36 (KHTML, like Gecko) Chrome/55.0.2883.95 Safari/537.36"
::1 - - [26/Dec/2016:02:32:09 +0000] "POST /auth HTTP/1.1" 400 - "-" "Mozilla/5.0 (Macintosh; Intel Mac OS X 10_11_6) AppleWebKit/537.36 (KHTML, like Gecko) Chrome/55.0.2883.95 Safari/537.36"
::1 - - [26/Dec/2016:02:32:10 +0000] "POST /auth HTTP/1.1" 400 - "-" "Mozilla/5.0 (Macintosh; Intel Mac OS X 10_11_6) AppleWebKit/537.36 (KHTML, like Gecko) Chrome/55.0.2883.95 Safari/537.36"
::1 - ali [26/Dec/2016:02:32:48 +0000] "POST /auth HTTP/1.1" 400 - "-" "Mozilla/5.0 (Macintosh; Intel Mac OS X 10_11_6) AppleWebKit/537.36 (KHTML, like Gecko) Chrome/55.0.2883.95 Safari/537.36"
::1 - - [26/Dec/2016:02:39:52 +0000] "POST /auth HTTP/1.1" 400 - "-" "Mozilla/5.0 (Macintosh; Intel Mac OS X 10_11_6) AppleWebKit/537.36 (KHTML, like Gecko) Chrome/55.0.2883.95 Safari/537.36"
::1 - - [26/Dec/2016:02:40:37 +0000] "POST /auth HTTP/1.1" 400 - "-" "Mozilla/5.0 (Macintosh; Intel Mac OS X 10_11_6) AppleWebKit/537.36 (KHTML, like Gecko) Chrome/55.0.2883.95 Safari/537.36"
::1 - - [26/Dec/2016:02:41:37 +0000] "POST /auth HTTP/1.1" 400 - "-" "Mozilla/5.0 (Macintosh; Intel Mac OS X 10_11_6) AppleWebKit/537.36 (KHTML, like Gecko) Chrome/55.0.2883.95 Safari/537.36"
::1 - - [26/Dec/2016:02:43:30 +0000] "POST /auth HTTP/1.1" 400 - "-" "Mozilla/5.0 (Macintosh; Intel Mac OS X 10_11_6) AppleWebKit/537.36 (KHTML, like Gecko) Chrome/55.0.2883.95 Safari/537.36"
::1 - - [26/Dec/2016:02:43:41 +0000] "POST /auth/local HTTP/1.1" 404 1924 "-" "Mozilla/5.0 (Macintosh; Intel Mac OS X 10_11_6) AppleWebKit/537.36 (KHTML, like Gecko) Chrome/55.0.2883.95 Safari/537.36"
::1 - - [26/Dec/2016:02:43:45 +0000] "POST /auth/ HTTP/1.1" 400 - "-" "Mozilla/5.0 (Macintosh; Intel Mac OS X 10_11_6) AppleWebKit/537.36 (KHTML, like Gecko) Chrome/55.0.2883.95 Safari/537.36"
::1 - - [26/Dec/2016:02:44:34 +0000] "POST /auth/ HTTP/1.1" 400 - "-" "Mozilla/5.0 (Macintosh; Intel Mac OS X 10_11_6) AppleWebKit/537.36 (KHTML, like Gecko) Chrome/55.0.2883.95 Safari/537.36"
::1 - - [26/Dec/2016:02:44:45 +0000] "POST /auth/ HTTP/1.1" 400 - "-" "Mozilla/5.0 (Macintosh; Intel Mac OS X 10_11_6) AppleWebKit/537.36 (KHTML, like Gecko) Chrome/55.0.2883.95 Safari/537.36"
::1 - - [26/Dec/2016:02:44:50 +0000] "POST /auth/ HTTP/1.1" 400 - "-" "Mozilla/5.0 (Macintosh; Intel Mac OS X 10_11_6) AppleWebKit/537.36 (KHTML, like Gecko) Chrome/55.0.2883.95 Safari/537.36"
::1 - - [26/Dec/2016:02:44:51 +0000] "POST /auth/ HTTP/1.1" 400 - "-" "Mozilla/5.0 (Macintosh; Intel Mac OS X 10_11_6) AppleWebKit/537.36 (KHTML, like Gecko) Chrome/55.0.2883.95 Safari/537.36"
::1 - - [26/Dec/2016:02:44:51 +0000] "POST /auth/ HTTP/1.1" 400 - "-" "Mozilla/5.0 (Macintosh; Intel Mac OS X 10_11_6) AppleWebKit/537.36 (KHTML, like Gecko) Chrome/55.0.2883.95 Safari/537.36"
::1 - - [26/Dec/2016:02:44:51 +0000] "POST /auth/ HTTP/1.1" 400 - "-" "Mozilla/5.0 (Macintosh; Intel Mac OS X 10_11_6) AppleWebKit/537.36 (KHTML, like Gecko) Chrome/55.0.2883.95 Safari/537.36"
::1 - - [26/Dec/2016:02:44:52 +0000] "POST /auth/ HTTP/1.1" 400 - "-" "Mozilla/5.0 (Macintosh; Intel Mac OS X 10_11_6) AppleWebKit/537.36 (KHTML, like Gecko) Chrome/55.0.2883.95 Safari/537.36"
::1 - - [26/Dec/2016:02:45:20 +0000] "POST /auth/ HTTP/1.1" 400 - "-" "Mozilla/5.0 (Macintosh; Intel Mac OS X 10_11_6) AppleWebKit/537.36 (KHTML, like Gecko) Chrome/55.0.2883.95 Safari/537.36"
::1 - - [26/Dec/2016:02:45:26 +0000] "POST /auth/ HTTP/1.1" 400 - "-" "Mozilla/5.0 (Macintosh; Intel Mac OS X 10_11_6) AppleWebKit/537.36 (KHTML, like Gecko) Chrome/55.0.2883.95 Safari/537.36"
::1 - - [26/Dec/2016:02:45:31 +0000] "POST /auth/ HTTP/1.1" 400 - "-" "Mozilla/5.0 (Macintosh; Intel Mac OS X 10_11_6) AppleWebKit/537.36 (KHTML, like Gecko) Chrome/55.0.2883.95 Safari/537.36"
::1 - - [26/Dec/2016:02:46:30 +0000] "POST /auth/ HTTP/1.1" 400 - "-" "Mozilla/5.0 (Macintosh; Intel Mac OS X 10_11_6) AppleWebKit/537.36 (KHTML, like Gecko) Chrome/55.0.2883.95 Safari/537.36"
::1 - - [26/Dec/2016:02:51:00 +0000] "POST /auth/ HTTP/1.1" 400 - "-" "Mozilla/5.0 (Macintosh; Intel Mac OS X 10_11_6) AppleWebKit/537.36 (KHTML, like Gecko) Chrome/55.0.2883.95 Safari/537.36"
::1 - - [26/Dec/2016:02:52:10 +0000] "POST /auth/ HTTP/1.1" 400 - "-" "Mozilla/5.0 (Macintosh; Intel Mac OS X 10_11_6) AppleWebKit/537.36 (KHTML, like Gecko) Chrome/55.0.2883.95 Safari/537.36"
::1 - - [26/Dec/2016:02:52:31 +0000] "POST /auth/ HTTP/1.1" 400 - "-" "Mozilla/5.0 (Macintosh; Intel Mac OS X 10_11_6) AppleWebKit/537.36 (KHTML, like Gecko) Chrome/55.0.2883.95 Safari/537.36"
::1 - - [26/Dec/2016:02:52:55 +0000] "POST /auth/ HTTP/1.1" 400 - "-" "Mozilla/5.0 (Macintosh; Intel Mac OS X 10_11_6) AppleWebKit/537.36 (KHTML, like Gecko) Chrome/55.0.2883.95 Safari/537.36"
::1 - - [26/Dec/2016:02:53:33 +0000] "POST /auth/ HTTP/1.1" 400 - "-" "Mozilla/5.0 (Macintosh; Intel Mac OS X 10_11_6) AppleWebKit/537.36 (KHTML, like Gecko) Chrome/55.0.2883.95 Safari/537.36"
::1 - - [26/Dec/2016:02:53:46 +0000] "POST /auth/ HTTP/1.1" 400 - "-" "Mozilla/5.0 (Macintosh; Intel Mac OS X 10_11_6) AppleWebKit/537.36 (KHTML, like Gecko) Chrome/55.0.2883.95 Safari/537.36"
::1 - - [26/Dec/2016:02:53:55 +0000] "POST /auth/ HTTP/1.1" 400 - "-" "Mozilla/5.0 (Macintosh; Intel Mac OS X 10_11_6) AppleWebKit/537.36 (KHTML, like Gecko) Chrome/55.0.2883.95 Safari/537.36"
::1 - - [26/Dec/2016:02:53:59 +0000] "POST /auth/ HTTP/1.1" 400 - "-" "Mozilla/5.0 (Macintosh; Intel Mac OS X 10_11_6) AppleWebKit/537.36 (KHTML, like Gecko) Chrome/55.0.2883.95 Safari/537.36"
::1 - - [26/Dec/2016:02:54:23 +0000] "POST /auth/ HTTP/1.1" 400 - "-" "Mozilla/5.0 (Macintosh; Intel Mac OS X 10_11_6) AppleWebKit/537.36 (KHTML, like Gecko) Chrome/55.0.2883.95 Safari/537.36"
::1 - - [26/Dec/2016:02:54:45 +0000] "POST /auth/ HTTP/1.1" 400 - "-" "Mozilla/5.0 (Macintosh; Intel Mac OS X 10_11_6) AppleWebKit/537.36 (KHTML, like Gecko) Chrome/55.0.2883.95 Safari/537.36"
::1 - - [26/Dec/2016:03:01:44 +0000] "POST /auth/ HTTP/1.1" 400 - "-" "PostmanRuntime/3.0.9"
::1 - - [26/Dec/2016:03:02:03 +0000] "POST /auth/ HTTP/1.1" 400 962 "-" "PostmanRuntime/3.0.9"
::1 - - [26/Dec/2016:03:02:22 +0000] "POST /auth/ HTTP/1.1" 500 2076 "-" "PostmanRuntime/3.0.9"
::1 - - [26/Dec/2016:03:02:51 +0000] "POST /auth/ HTTP/1.1" 500 2076 "-" "PostmanRuntime/3.0.9"
::1 - - [26/Dec/2016:03:04:28 +0000] "POST /auth/ HTTP/1.1" 500 2076 "-" "PostmanRuntime/3.0.9"
::1 - - [26/Dec/2016:03:07:47 +0000] "POST /auth/ HTTP/1.1" 500 1977 "-" "PostmanRuntime/3.0.9"
::1 - - [26/Dec/2016:03:10:27 +0000] "POST /auth/ HTTP/1.1" 500 1977 "-" "PostmanRuntime/3.0.9"
::1 - - [26/Dec/2016:03:10:35 +0000] "POST /auth/ HTTP/1.1" 200 170 "-" "PostmanRuntime/3.0.9"
::1 - - [26/Dec/2016:03:10:53 +0000] "POST /auth/ HTTP/1.1" 200 170 "-" "PostmanRuntime/3.0.9"
::1 - - [26/Dec/2016:03:10:54 +0000] "POST /auth/ HTTP/1.1" 200 170 "-" "PostmanRuntime/3.0.9"
::1 - - [26/Dec/2016:03:10:55 +0000] "POST /auth/ HTTP/1.1" 200 170 "-" "PostmanRuntime/3.0.9"
::1 - - [26/Dec/2016:03:10:56 +0000] "POST /auth/ HTTP/1.1" 200 170 "-" "PostmanRuntime/3.0.9"
::1 - - [26/Dec/2016:03:10:57 +0000] "POST /auth/ HTTP/1.1" 200 170 "-" "PostmanRuntime/3.0.9"
::1 - - [26/Dec/2016:03:49:07 +0000] "POST /auth/ HTTP/1.1" 200 170 "-" "PostmanRuntime/3.0.9"
::1 - - [26/Dec/2016:03:51:14 +0000] "POST /auth/ HTTP/1.1" 200 170 "-" "PostmanRuntime/3.0.9"
::1 - - [26/Dec/2016:03:51:23 +0000] "POST /me HTTP/1.1" 404 1925 "-" "PostmanRuntime/3.0.9"
::1 - - [26/Dec/2016:03:51:46 +0000] "GET /me HTTP/1.1" 401 2033 "-" "PostmanRuntime/3.0.9"
::1 - - [26/Dec/2016:03:51:55 +0000] "GET /me HTTP/1.1" 401 2033 "-" "PostmanRuntime/3.0.9"
::1 - - [26/Dec/2016:03:52:00 +0000] "GET /me HTTP/1.1" 401 2033 "-" "PostmanRuntime/3.0.9"
::1 - - [26/Dec/2016:03:57:22 +0000] "POST /auth/ HTTP/1.1" 200 170 "-" "PostmanRuntime/3.0.9"
::1 - - [26/Dec/2016:03:57:45 +0000] "GET /me HTTP/1.1" 200 44 "-" "curl/7.43.0"
::1 - - [26/Dec/2016:04:01:48 +0000] "GET /me HTTP/1.1" 401 383 "-" "PostmanRuntime/3.0.9"
::1 - - [26/Dec/2016:04:01:57 +0000] "POST /auth/ HTTP/1.1" 200 170 "-" "PostmanRuntime/3.0.9"
::1 - - [26/Dec/2016:04:02:08 +0000] "GET /me HTTP/1.1" 200 44 "-" "PostmanRuntime/3.0.9"
::1 - - [26/Dec/2016:04:02:11 +0000] "GET /me HTTP/1.1" 401 2040 "-" "PostmanRuntime/3.0.9"
::1 - - [26/Dec/2016:04:02:19 +0000] "GET /me HTTP/1.1" 401 385 "-" "PostmanRuntime/3.0.9"
::1 - - [26/Dec/2016:04:02:33 +0000] "GET /me HTTP/1.1" 200 44 "-" "PostmanRuntime/3.0.9"
::1 - - [26/Dec/2016:04:02:58 +0000] "GET /me HTTP/1.1" 200 44 "-" "PostmanRuntime/3.0.9"
::1 - - [26/Dec/2016:04:03:09 +0000] "GET /me HTTP/1.1" 200 44 "-" "PostmanRuntime/3.0.9"
::1 - - [26/Dec/2016:04:04:44 +0000] "POST /auth/ HTTP/1.1" 200 170 "-" "PostmanRuntime/3.0.9"
::1 - - [26/Dec/2016:05:01:43 +0000] "POST /auth/ HTTP/1.1" 200 170 "-" "PostmanRuntime/3.0.9"
::1 - - [26/Dec/2016:05:06:56 +0000] "POST /auth/ HTTP/1.1" 500 1981 "-" "PostmanRuntime/3.0.9"
::1 - - [26/Dec/2016:05:07:38 +0000] "POST /auth/ HTTP/1.1" 200 170 "-" "PostmanRuntime/3.0.9"
::1 - - [26/Dec/2016:05:07:48 +0000] "GET /me HTTP/1.1" 200 44 "-" "PostmanRuntime/3.0.9"
::1 - - [26/Dec/2016:05:08:26 +0000] "POST /auth/ HTTP/1.1" 200 170 "-" "PostmanRuntime/3.0.9"
::1 - - [26/Dec/2016:05:59:43 +0000] "POST /auth/ HTTP/1.1" 500 2066 "-" "PostmanRuntime/3.0.9"
::1 - - [26/Dec/2016:06:05:09 +0000] "POST /auth/ HTTP/1.1" 500 2066 "-" "PostmanRuntime/3.0.9"
::1 - - [26/Dec/2016:06:08:18 +0000] "POST /auth/ HTTP/1.1" 500 2066 "-" "PostmanRuntime/3.0.9"
::1 - - [26/Dec/2016:06:08:57 +0000] "POST /auth/ HTTP/1.1" 500 2066 "-" "PostmanRuntime/3.0.9"
::1 - - [26/Dec/2016:06:09:03 +0000] "POST /auth/ HTTP/1.1" 500 2066 "-" "PostmanRuntime/3.0.9"
::1 - - [26/Dec/2016:06:11:17 +0000] "POST /auth/ HTTP/1.1" 500 2066 "-" "PostmanRuntime/3.0.9"
::1 - - [26/Dec/2016:06:12:53 +0000] "POST /auth/ HTTP/1.1" 200 170 "-" "PostmanRuntime/3.0.9"
::1 - - [26/Dec/2016:07:52:08 +0000] "POST /auth HTTP/1.1" 401 - "-" "curl/7.43.0"
::1 - - [26/Dec/2016:07:52:13 +0000] "POST /auth/ HTTP/1.1" 200 170 "-" "PostmanRuntime/3.0.9"
