::1 - - [30/Dec/2016:08:38:01 +0000] "POST /user/login2/?permanent=true HTTP/1.1" 200 51 "-" "PostmanRuntime/3.0.9"
::1 - - [30/Dec/2016:08:41:10 +0000] "POST /user/login2/?permanent=true HTTP/1.1" 200 338 "-" "PostmanRuntime/3.0.9"
::1 - - [30/Dec/2016:08:42:00 +0000] "POST /user/login2/?permanent=true HTTP/1.1" 200 338 "-" "PostmanRuntime/3.0.9"
::1 - - [30/Dec/2016:08:42:11 +0000] "POST /user/login2/?permanent=true HTTP/1.1" 200 51 "-" "PostmanRuntime/3.0.9"
::1 - - [30/Dec/2016:08:42:18 +0000] "POST /user/login2/?permanent=true HTTP/1.1" 200 51 "-" "PostmanRuntime/3.0.9"
::1 - - [30/Dec/2016:08:42:21 +0000] "POST /user/login2/?permanent=true HTTP/1.1" 200 338 "-" "PostmanRuntime/3.0.9"
::1 - - [30/Dec/2016:08:42:44 +0000] "POST /lyric/test HTTP/1.1" 200 67 "-" "PostmanRuntime/3.0.9"
::1 - - [30/Dec/2016:08:43:30 +0000] "POST /user/login2/?permanent=true HTTP/1.1" 200 338 "-" "PostmanRuntime/3.0.9"
::1 - - [30/Dec/2016:08:59:05 +0000] "POST /user/login/?permanent=true HTTP/1.1" 200 338 "-" "PostmanRuntime/3.0.9"
::1 - - [30/Dec/2016:09:00:54 +0000] "POST /user/login/?permanent=true HTTP/1.1" 200 338 "-" "PostmanRuntime/3.0.9"
::1 - - [30/Dec/2016:09:03:29 +0000] "POST /user/login/?permanent=true HTTP/1.1" 200 338 "-" "PostmanRuntime/3.0.9"
::1 - - [30/Dec/2016:09:22:41 +0000] "POST /user/login/?permanent=true HTTP/1.1" 200 30 "-" "PostmanRuntime/3.0.9"
::1 - - [30/Dec/2016:09:22:55 +0000] "POST /user/login/?permanent=true HTTP/1.1" 401 75 "-" "PostmanRuntime/3.0.9"
::1 - - [30/Dec/2016:09:24:32 +0000] "POST /user/login/?permanent=true HTTP/1.1" 401 75 "-" "PostmanRuntime/3.0.9"
::1 - - [30/Dec/2016:09:24:37 +0000] "POST /user/login/?permanent=true HTTP/1.1" 200 30 "-" "PostmanRuntime/3.0.9"
::1 - - [30/Dec/2016:09:24:40 +0000] "POST /user/login/?permanent=true HTTP/1.1" 401 75 "-" "PostmanRuntime/3.0.9"
::1 - - [30/Dec/2016:09:24:44 +0000] "POST /user/login/?permanent=true HTTP/1.1" 200 30 "-" "PostmanRuntime/3.0.9"
::1 - - [30/Dec/2016:09:26:58 +0000] "POST /user/login/?permanent=true HTTP/1.1" 200 30 "-" "PostmanRuntime/3.0.9"
::1 - - [30/Dec/2016:09:30:28 +0000] "POST /user/login/?permanent=true HTTP/1.1" 200 30 "-" "PostmanRuntime/3.0.9"
::1 - - [30/Dec/2016:09:30:34 +0000] "POST /user/login/?permanent=true HTTP/1.1" 401 75 "-" "PostmanRuntime/3.0.9"
::1 - - [30/Dec/2016:09:30:39 +0000] "POST /user/login/?permanent=true HTTP/1.1" 200 30 "-" "PostmanRuntime/3.0.9"
::1 - - [30/Dec/2016:09:32:56 +0000] "POST /user/login/?permanent=true HTTP/1.1" 200 378 "-" "PostmanRuntime/3.0.9"
::1 - - [30/Dec/2016:09:33:36 +0000] "POST /user/login/?permanent=true HTTP/1.1" 200 378 "-" "PostmanRuntime/3.0.9"
::1 - - [30/Dec/2016:09:34:13 +0000] "POST /user/login/?permanent=true HTTP/1.1" 401 87 "-" "PostmanRuntime/3.0.9"
::1 - - [30/Dec/2016:09:34:23 +0000] "POST /user/login/?permanent=true HTTP/1.1" 200 378 "-" "PostmanRuntime/3.0.9"
::1 - - [30/Dec/2016:09:41:49 +0000] "GET /user/me HTTP/1.1" 200 107 "-" "PostmanRuntime/3.0.9"
::1 - - [30/Dec/2016:09:42:48 +0000] "GET /user/me HTTP/1.1" 401 16 "-" "PostmanRuntime/3.0.9"
::1 - - [30/Dec/2016:09:42:53 +0000] "GET /user/me HTTP/1.1" 200 107 "-" "PostmanRuntime/3.0.9"
::1 - - [30/Dec/2016:09:50:58 +0000] "POST /user/login/?permanent=true HTTP/1.1" 200 378 "-" "PostmanRuntime/3.0.9"
::1 - - [30/Dec/2016:09:57:55 +0000] "POST /user/token HTTP/1.1" 400 100 "-" "PostmanRuntime/3.0.9"
::1 - - [30/Dec/2016:10:01:02 +0000] "POST /user/token HTTP/1.1" 400 100 "-" "PostmanRuntime/3.0.9"
::1 - - [30/Dec/2016:10:01:28 +0000] "POST /user/token HTTP/1.1" 400 100 "-" "PostmanRuntime/3.0.9"
::1 - - [30/Dec/2016:10:01:45 +0000] "POST /user/token HTTP/1.1" 201 239 "-" "PostmanRuntime/3.0.9"
::1 - - [30/Dec/2016:10:02:05 +0000] "GET /user/me HTTP/1.1" 200 107 "-" "PostmanRuntime/3.0.9"
::1 - - [30/Dec/2016:10:02:09 +0000] "GET /user/me HTTP/1.1" 200 107 "-" "PostmanRuntime/3.0.9"
::1 - - [30/Dec/2016:10:02:22 +0000] "POST /user/token HTTP/1.1" 201 239 "-" "PostmanRuntime/3.0.9"
::1 - - [30/Dec/2016:10:13:05 +0000] "POST /user/token HTTP/1.1" 400 64 "-" "PostmanRuntime/3.0.9"
::1 - - [30/Dec/2016:10:13:47 +0000] "POST /user/token HTTP/1.1" 400 106 "-" "PostmanRuntime/3.0.9"
::1 - - [30/Dec/2016:10:14:03 +0000] "POST /user/login/?permanent=true HTTP/1.1" 200 378 "-" "PostmanRuntime/3.0.9"
::1 - - [30/Dec/2016:10:14:11 +0000] "POST /user/token HTTP/1.1" 201 239 "-" "PostmanRuntime/3.0.9"
::1 - - [30/Dec/2016:10:15:37 +0000] "POST /user/token HTTP/1.1" 400 106 "-" "PostmanRuntime/3.0.9"
::1 - - [30/Dec/2016:10:15:42 +0000] "POST /user/token HTTP/1.1" 400 100 "-" "PostmanRuntime/3.0.9"
::1 - - [30/Dec/2016:10:15:56 +0000] "POST /user/token HTTP/1.1" 201 239 "-" "PostmanRuntime/3.0.9"
::1 - - [30/Dec/2016:10:16:01 +0000] "POST /user/token HTTP/1.1" 201 239 "-" "PostmanRuntime/3.0.9"
::1 - - [30/Dec/2016:10:16:03 +0000] "POST /user/token HTTP/1.1" 201 239 "-" "PostmanRuntime/3.0.9"
::1 - - [30/Dec/2016:10:16:04 +0000] "POST /user/token HTTP/1.1" 201 239 "-" "PostmanRuntime/3.0.9"
::1 - - [30/Dec/2016:10:16:16 +0000] "GET /user/me HTTP/1.1" 200 107 "-" "PostmanRuntime/3.0.9"
::1 - - [30/Dec/2016:10:16:22 +0000] "GET /user/me HTTP/1.1" 401 16 "-" "PostmanRuntime/3.0.9"
::1 - - [30/Dec/2016:10:19:09 +0000] "GET /user/me HTTP/1.1" 401 16 "-" "PostmanRuntime/3.0.9"
::1 - - [30/Dec/2016:10:19:15 +0000] "POST /user/token HTTP/1.1" 201 239 "-" "PostmanRuntime/3.0.9"
::1 - - [30/Dec/2016:10:19:25 +0000] "GET /user/me HTTP/1.1" 200 107 "-" "PostmanRuntime/3.0.9"
::1 - - [30/Dec/2016:10:20:08 +0000] "GET /user/me HTTP/1.1" 200 107 "-" "PostmanRuntime/3.0.9"
::1 - - [30/Dec/2016:10:48:30 +0000] "GET /user/me HTTP/1.1" 401 86 "-" "PostmanRuntime/3.0.9"
::1 - - [30/Dec/2016:10:48:51 +0000] "GET /user/me HTTP/1.1" 401 86 "-" "PostmanRuntime/3.0.9"
::1 - - [30/Dec/2016:10:49:16 +0000] "GET /user/me HTTP/1.1" 200 107 "-" "PostmanRuntime/3.0.9"
::1 - - [30/Dec/2016:10:49:24 +0000] "GET /user/me HTTP/1.1" 401 16 "-" "PostmanRuntime/3.0.9"
::1 - - [30/Dec/2016:10:53:54 +0000] "GET /user/me HTTP/1.1" 401 16 "-" "PostmanRuntime/3.0.9"
::1 - - [30/Dec/2016:10:56:05 +0000] "GET /user/me HTTP/1.1" 401 16 "-" "PostmanRuntime/3.0.9"
::1 - - [30/Dec/2016:10:56:06 +0000] "GET /user/me HTTP/1.1" 401 16 "-" "PostmanRuntime/3.0.9"
::1 - - [30/Dec/2016:11:05:36 +0000] "GET /user/me HTTP/1.1" 401 395 "-" "PostmanRuntime/3.0.9"
::1 - - [30/Dec/2016:11:06:29 +0000] "GET /user/me HTTP/1.1" 401 395 "-" "PostmanRuntime/3.0.9"
::1 - - [30/Dec/2016:11:06:58 +0000] "GET /user/me HTTP/1.1" 200 107 "-" "PostmanRuntime/3.0.9"
::1 - - [30/Dec/2016:11:07:30 +0000] "GET /user/me HTTP/1.1" 200 107 "-" "PostmanRuntime/3.0.9"
::1 - - [30/Dec/2016:11:07:36 +0000] "GET /user/me HTTP/1.1" 401 395 "-" "PostmanRuntime/3.0.9"
::1 - - [30/Dec/2016:11:08:11 +0000] "GET /user/me HTTP/1.1" 401 395 "-" "PostmanRuntime/3.0.9"
::1 - - [30/Dec/2016:11:09:40 +0000] "GET /user/me HTTP/1.1" 401 395 "-" "PostmanRuntime/3.0.9"
::1 - - [30/Dec/2016:11:10:04 +0000] "GET /user/me HTTP/1.1" 401 16 "-" "PostmanRuntime/3.0.9"
::1 - - [30/Dec/2016:11:17:53 +0000] "GET /user/me HTTP/1.1" 401 16 "-" "PostmanRuntime/3.0.9"
::1 - - [30/Dec/2016:11:17:57 +0000] "GET /user/me HTTP/1.1" 200 107 "-" "PostmanRuntime/3.0.9"
::1 - - [30/Dec/2016:11:30:07 +0000] "GET /user/me HTTP/1.1" 200 107 "-" "PostmanRuntime/3.0.9"
::1 - - [30/Dec/2016:11:30:43 +0000] "GET /user/me HTTP/1.1" 200 107 "-" "PostmanRuntime/3.0.9"
::1 - - [30/Dec/2016:11:32:36 +0000] "GET /user/me HTTP/1.1" 200 107 "-" "PostmanRuntime/3.0.9"
::1 - - [30/Dec/2016:11:33:23 +0000] "GET /user/me HTTP/1.1" 200 107 "-" "PostmanRuntime/3.0.9"
::1 - - [30/Dec/2016:11:33:29 +0000] "GET /user/me HTTP/1.1" 401 16 "-" "PostmanRuntime/3.0.9"
::1 - - [30/Dec/2016:11:33:32 +0000] "GET /user/me HTTP/1.1" 200 107 "-" "PostmanRuntime/3.0.9"
::1 - - [30/Dec/2016:11:37:41 +0000] "GET /user/me HTTP/1.1" 200 107 "-" "PostmanRuntime/3.0.9"
::1 - - [30/Dec/2016:11:37:46 +0000] "GET /user/me HTTP/1.1" 401 93 "-" "PostmanRuntime/3.0.9"
::1 - - [30/Dec/2016:11:37:58 +0000] "GET /user/me HTTP/1.1" 200 107 "-" "PostmanRuntime/3.0.9"
::1 - - [30/Dec/2016:11:44:53 +0000] "GET /user/me HTTP/1.1" 200 107 "-" "PostmanRuntime/3.0.9"
::1 - - [30/Dec/2016:11:51:44 +0000] "POST /user/login/?permanent=true HTTP/1.1" - - "-" "PostmanRuntime/3.0.9"
::1 - - [30/Dec/2016:12:30:36 +0000] "POST /user/login/?permanent=true HTTP/1.1" - - "-" "PostmanRuntime/3.0.9"
::1 - - [30/Dec/2016:12:32:50 +0000] "POST /user/login/?permanent=true HTTP/1.1" 200 378 "-" "PostmanRuntime/3.0.9"
::1 - - [30/Dec/2016:12:33:41 +0000] "POST /user/login/?permanent=true HTTP/1.1" 200 378 "-" "PostmanRuntime/3.0.9"
::1 - - [30/Dec/2016:12:38:15 +0000] "POST /user/login/?permanent=true HTTP/1.1" 200 378 "-" "PostmanRuntime/3.0.9"
::1 - - [30/Dec/2016:12:38:25 +0000] "GET /user/me HTTP/1.1" 401 93 "-" "PostmanRuntime/3.0.9"
::1 - - [30/Dec/2016:12:38:33 +0000] "GET /user/me HTTP/1.1" 401 93 "-" "PostmanRuntime/3.0.9"
::1 - - [30/Dec/2016:12:38:34 +0000] "GET /user/me HTTP/1.1" 401 93 "-" "PostmanRuntime/3.0.9"
::1 - - [30/Dec/2016:12:38:36 +0000] "POST /user/login/?permanent=true HTTP/1.1" 200 378 "-" "PostmanRuntime/3.0.9"
::1 - - [30/Dec/2016:12:38:46 +0000] "GET /user/me HTTP/1.1" 200 107 "-" "PostmanRuntime/3.0.9"
::1 - - [30/Dec/2016:12:38:48 +0000] "GET /user/me HTTP/1.1" 200 107 "-" "PostmanRuntime/3.0.9"
::1 - - [30/Dec/2016:12:38:50 +0000] "GET /user/me HTTP/1.1" 200 107 "-" "PostmanRuntime/3.0.9"
::1 - - [30/Dec/2016:12:38:52 +0000] "GET /user/me HTTP/1.1" 401 93 "-" "PostmanRuntime/3.0.9"
::1 - - [30/Dec/2016:12:38:57 +0000] "GET /user/me HTTP/1.1" 401 93 "-" "PostmanRuntime/3.0.9"
::1 - - [30/Dec/2016:12:39:41 +0000] "GET /user/me HTTP/1.1" 401 93 "-" "PostmanRuntime/3.0.9"
::1 - - [30/Dec/2016:12:39:43 +0000] "GET /user/me HTTP/1.1" 401 93 "-" "PostmanRuntime/3.0.9"
::1 - - [30/Dec/2016:12:44:05 +0000] "GET /user/me HTTP/1.1" 401 93 "-" "PostmanRuntime/3.0.9"
::1 - - [30/Dec/2016:12:44:06 +0000] "GET /user/me HTTP/1.1" 401 93 "-" "PostmanRuntime/3.0.9"
::1 - - [30/Dec/2016:12:44:07 +0000] "GET /user/me HTTP/1.1" 401 93 "-" "PostmanRuntime/3.0.9"
::1 - - [30/Dec/2016:12:44:09 +0000] "POST /user/login/?permanent=true HTTP/1.1" 200 378 "-" "PostmanRuntime/3.0.9"
::1 - - [30/Dec/2016:12:44:19 +0000] "GET /user/me HTTP/1.1" 200 107 "-" "PostmanRuntime/3.0.9"
::1 - - [30/Dec/2016:12:44:20 +0000] "GET /user/me HTTP/1.1" 200 107 "-" "PostmanRuntime/3.0.9"
::1 - - [30/Dec/2016:12:44:21 +0000] "GET /user/me HTTP/1.1" 200 107 "-" "PostmanRuntime/3.0.9"
::1 - - [30/Dec/2016:12:44:22 +0000] "GET /user/me HTTP/1.1" 200 107 "-" "PostmanRuntime/3.0.9"
::1 - - [30/Dec/2016:12:44:23 +0000] "GET /user/me HTTP/1.1" 200 107 "-" "PostmanRuntime/3.0.9"
::1 - - [30/Dec/2016:12:44:24 +0000] "GET /user/me HTTP/1.1" 401 93 "-" "PostmanRuntime/3.0.9"
::1 - - [30/Dec/2016:12:44:24 +0000] "GET /user/me HTTP/1.1" 401 93 "-" "PostmanRuntime/3.0.9"
::1 - - [30/Dec/2016:12:44:26 +0000] "GET /user/me HTTP/1.1" 401 93 "-" "PostmanRuntime/3.0.9"
::1 - - [30/Dec/2016:12:44:27 +0000] "GET /user/me HTTP/1.1" 401 93 "-" "PostmanRuntime/3.0.9"
::1 - - [30/Dec/2016:12:59:09 +0000] "POST /user/me HTTP/1.1" 402 93 "-" "PostmanRuntime/3.0.9"
